2023-08-04 06:40:29 [ERROR] Invalid input - 15280
2023-08-04 06:40:29 [CRITICAL]  - 26579
2023-08-04 06:40:29 [ERROR] Segmentation fault - 15120
2023-08-04 06:40:29 [DEBUG]  - 8673
2023-08-04 06:40:29 [ERROR] Invalid input - 2561
2023-08-04 06:40:29 [WARNING]  - 26281
2023-08-04 06:40:29 [CRITICAL]  - 6525
2023-08-04 06:40:29 [DEBUG]  - 11504
2023-08-04 06:40:29 [WARNING]  - 27196
2023-08-04 06:40:29 [ERROR] Invalid input - 16459
2023-08-04 06:40:29 [INFO]  - 1392
2023-08-04 06:40:29 [WARNING]  - 728
2023-08-04 06:40:29 [CRITICAL]  - 1669
2023-08-04 06:40:29 [INFO]  - 25069
2023-08-04 06:40:29 [INFO]  - 22559
2023-08-04 06:40:29 [CRITICAL]  - 21078
2023-08-04 06:40:29 [DEBUG]  - 22540
2023-08-04 06:40:29 [ERROR] Out of memory - 31696
2023-08-04 06:40:29 [WARNING]  - 22772
2023-08-04 06:40:29 [ERROR] Segmentation fault - 15563
2023-08-04 06:40:29 [INFO]  - 1870
2023-08-04 06:40:29 [INFO]  - 21367
2023-08-04 06:40:29 [ERROR] Invalid input - 624
2023-08-04 06:40:29 [INFO]  - 6481
2023-08-04 06:40:29 [DEBUG]  - 23558
2023-08-04 06:40:29 [DEBUG]  - 23353
2023-08-04 06:40:29 [CRITICAL]  - 31761
2023-08-04 06:40:29 [ERROR] Disk full - 28712
2023-08-04 06:40:29 [CRITICAL]  - 6343
2023-08-04 06:40:29 [ERROR] Invalid input - 2650
2023-08-04 06:40:29 [CRITICAL]  - 10202
2023-08-04 06:40:29 [INFO]  - 2745
2023-08-04 06:40:29 [DEBUG]  - 22032
2023-08-04 06:40:29 [ERROR] Failed to connect - 11241
2023-08-04 06:40:29 [ERROR] Segmentation fault - 29373
2023-08-04 06:40:29 [ERROR] Failed to connect - 11822
2023-08-04 06:40:29 [INFO]  - 8577
2023-08-04 06:40:29 [DEBUG]  - 20941
2023-08-04 06:40:29 [CRITICAL]  - 17932
2023-08-04 06:40:29 [CRITICAL]  - 29878
2023-08-04 06:40:29 [WARNING]  - 26487
2023-08-04 06:40:29 [ERROR] Invalid input - 10845
2023-08-04 06:40:29 [WARNING]  - 8610
2023-08-04 06:40:29 [WARNING]  - 31724
2023-08-04 06:40:29 [WARNING]  - 18926
2023-08-04 06:40:29 [DEBUG]  - 23411
2023-08-04 06:40:29 [DEBUG]  - 6779
2023-08-04 06:40:29 [WARNING]  - 24778
2023-08-04 06:40:29 [ERROR] Invalid input - 21657
2023-08-04 06:40:29 [ERROR] Failed to connect - 97
2023-08-04 06:40:29 [DEBUG]  - 7688
2023-08-04 06:40:29 [ERROR] Disk full - 14279
2023-08-04 06:40:29 [DEBUG]  - 8627
2023-08-04 06:40:29 [INFO]  - 16130
2023-08-04 06:40:29 [INFO]  - 21254
2023-08-04 06:40:29 [DEBUG]  - 31187
2023-08-04 06:40:29 [INFO]  - 18451
2023-08-04 06:40:29 [ERROR] Disk full - 9790
2023-08-04 06:40:29 [INFO]  - 5359
2023-08-04 06:40:29 [INFO]  - 12606
2023-08-04 06:40:29 [CRITICAL]  - 23162
2023-08-04 06:40:29 [DEBUG]  - 8941
2023-08-04 06:40:29 [ERROR] Out of memory - 19400
2023-08-04 06:40:29 [ERROR] Disk full - 13764
2023-08-04 06:40:29 [WARNING]  - 28027
2023-08-04 06:40:29 [ERROR] Failed to connect - 23414
2023-08-04 06:40:29 [CRITICAL]  - 10724
2023-08-04 06:40:29 [INFO]  - 14636
2023-08-04 06:40:29 [INFO]  - 9564
2023-08-04 06:40:29 [DEBUG]  - 30274
2023-08-04 06:40:29 [INFO]  - 27701
2023-08-04 06:40:29 [DEBUG]  - 27114
2023-08-04 06:40:29 [INFO]  - 5978
2023-08-04 06:40:29 [WARNING]  - 23627
2023-08-04 06:40:29 [DEBUG]  - 30314
2023-08-04 06:40:29 [DEBUG]  - 29274
2023-08-04 06:40:29 [ERROR] Failed to connect - 5319
2023-08-04 06:40:29 [CRITICAL]  - 26309
2023-08-04 06:40:29 [ERROR] Disk full - 26393
2023-08-04 06:40:29 [WARNING]  - 16116
2023-08-04 06:40:29 [CRITICAL]  - 24270
2023-08-04 06:40:29 [CRITICAL]  - 4903
2023-08-04 06:40:29 [WARNING]  - 26878
2023-08-04 06:40:29 [CRITICAL]  - 30488
2023-08-04 06:40:29 [CRITICAL]  - 14434
2023-08-04 06:40:29 [ERROR] Out of memory - 26884
2023-08-04 06:40:29 [ERROR] Failed to connect - 30461
2023-08-04 06:40:29 [WARNING]  - 28760
2023-08-04 06:40:29 [CRITICAL]  - 14848
2023-08-04 06:40:29 [CRITICAL]  - 23543
2023-08-04 06:40:29 [CRITICAL]  - 4152
2023-08-04 06:40:29 [CRITICAL]  - 22121
2023-08-04 06:40:29 [WARNING]  - 19994
2023-08-04 06:40:29 [DEBUG]  - 28387
2023-08-04 06:40:29 [ERROR] Out of memory - 23972
2023-08-04 06:40:29 [CRITICAL]  - 9527
2023-08-04 06:40:29 [DEBUG]  - 8309
2023-08-04 06:40:29 [INFO]  - 32029
2023-08-04 06:40:29 [INFO]  - 8725
2023-08-04 06:40:29 [CRITICAL]  - 24500
2023-08-04 06:40:29 [DEBUG]  - 14505
2023-08-04 06:40:29 [WARNING]  - 30184
2023-08-04 06:40:29 [INFO]  - 22614
2023-08-04 06:40:29 [WARNING]  - 19581
2023-08-04 06:40:29 [DEBUG]  - 6298
2023-08-04 06:40:29 [ERROR] Failed to connect - 6619
2023-08-04 06:40:29 [WARNING]  - 27472
2023-08-04 06:40:29 [WARNING]  - 16158
2023-08-04 06:40:29 [INFO]  - 20382
2023-08-04 06:40:29 [INFO]  - 4950
2023-08-04 06:40:29 [INFO]  - 16672
2023-08-04 06:40:29 [INFO]  - 7427
2023-08-04 06:40:29 [DEBUG]  - 25312
2023-08-04 06:40:29 [DEBUG]  - 27380
2023-08-04 06:40:29 [WARNING]  - 29232
2023-08-04 06:40:29 [DEBUG]  - 12897
2023-08-04 06:40:29 [DEBUG]  - 31959
2023-08-04 06:40:29 [ERROR] Disk full - 20866
2023-08-04 06:40:29 [WARNING]  - 6138
2023-08-04 06:40:29 [ERROR] Segmentation fault - 29602
2023-08-04 06:40:29 [INFO]  - 32662
2023-08-04 06:40:29 [WARNING]  - 20976
2023-08-04 06:40:29 [CRITICAL]  - 30325
2023-08-04 06:40:29 [ERROR] Disk full - 23382
2023-08-04 06:40:29 [INFO]  - 11496
2023-08-04 06:40:29 [INFO]  - 8264
2023-08-04 06:40:29 [ERROR] Out of memory - 15764
2023-08-04 06:40:29 [ERROR] Segmentation fault - 16052
2023-08-04 06:40:29 [INFO]  - 25222
2023-08-04 06:40:29 [INFO]  - 16107
2023-08-04 06:40:29 [DEBUG]  - 32253
2023-08-04 06:40:29 [CRITICAL]  - 25097
2023-08-04 06:40:29 [CRITICAL]  - 5672
2023-08-04 06:40:29 [DEBUG]  - 32374
2023-08-04 06:40:29 [WARNING]  - 19526
2023-08-04 06:40:29 [ERROR] Out of memory - 185
2023-08-04 06:40:29 [DEBUG]  - 31033
2023-08-04 06:40:29 [CRITICAL]  - 6931
2023-08-04 06:40:29 [WARNING]  - 27996
2023-08-04 06:40:29 [ERROR] Invalid input - 17533
2023-08-04 06:40:29 [INFO]  - 4396
2023-08-04 06:40:29 [INFO]  - 23164
2023-08-04 06:40:29 [ERROR] Out of memory - 11674
2023-08-04 06:40:29 [WARNING]  - 27262
2023-08-04 06:40:29 [INFO]  - 19165
2023-08-04 06:40:29 [CRITICAL]  - 3367
2023-08-04 06:40:29 [CRITICAL]  - 14658
2023-08-04 06:40:29 [DEBUG]  - 5067
2023-08-04 06:40:29 [WARNING]  - 7695
2023-08-04 06:40:30 [ERROR] Disk full - 10148
2023-08-04 06:40:30 [WARNING]  - 8789
2023-08-04 06:40:30 [WARNING]  - 19101
2023-08-04 06:40:30 [CRITICAL]  - 19273
2023-08-04 06:40:30 [ERROR] Segmentation fault - 26922
2023-08-04 06:40:30 [WARNING]  - 24454
2023-08-04 06:40:30 [DEBUG]  - 20040
2023-08-04 06:40:30 [INFO]  - 29561
2023-08-04 06:40:30 [INFO]  - 4823
2023-08-04 06:40:30 [ERROR] Disk full - 29758
2023-08-04 06:40:30 [CRITICAL]  - 32692
2023-08-04 06:40:30 [INFO]  - 27229
2023-08-04 06:40:30 [INFO]  - 4034
2023-08-04 06:40:30 [ERROR] Out of memory - 11467
2023-08-04 06:40:30 [WARNING]  - 19286
2023-08-04 06:40:30 [CRITICAL]  - 12194
2023-08-04 06:40:30 [DEBUG]  - 25719
2023-08-04 06:40:30 [INFO]  - 21005
2023-08-04 06:40:30 [WARNING]  - 1450
2023-08-04 06:40:30 [WARNING]  - 17894
2023-08-04 06:40:30 [INFO]  - 7001
2023-08-04 06:40:30 [WARNING]  - 849
2023-08-04 06:40:30 [INFO]  - 15281
2023-08-04 06:40:30 [DEBUG]  - 23976
2023-08-04 06:40:30 [WARNING]  - 21984
2023-08-04 06:40:30 [INFO]  - 9532
2023-08-04 06:40:30 [DEBUG]  - 24982
2023-08-04 06:40:30 [INFO]  - 20702
2023-08-04 06:40:30 [CRITICAL]  - 19544
2023-08-04 06:40:30 [INFO]  - 11043
2023-08-04 06:40:30 [ERROR] Out of memory - 13476
2023-08-04 06:40:30 [DEBUG]  - 15078
2023-08-04 06:40:30 [DEBUG]  - 12508
2023-08-04 06:40:30 [DEBUG]  - 3447
2023-08-04 06:40:30 [WARNING]  - 9870
2023-08-04 06:40:30 [CRITICAL]  - 21510
2023-08-04 06:40:30 [INFO]  - 4360
2023-08-04 06:40:30 [ERROR] Failed to connect - 23778
2023-08-04 06:40:30 [WARNING]  - 15978
2023-08-04 06:40:30 [ERROR] Invalid input - 12785
2023-08-04 06:40:30 [ERROR] Disk full - 32356
2023-08-04 06:40:30 [INFO]  - 31310
2023-08-04 06:40:30 [ERROR] Invalid input - 7366
2023-08-04 06:40:30 [CRITICAL]  - 3571
2023-08-04 06:40:30 [CRITICAL]  - 733
2023-08-04 06:40:30 [CRITICAL]  - 24885
2023-08-04 06:40:30 [ERROR] Out of memory - 28673
2023-08-04 06:40:30 [ERROR] Out of memory - 24108
2023-08-04 06:40:30 [INFO]  - 21509
2023-08-04 06:40:30 [DEBUG]  - 26266
2023-08-04 06:40:30 [CRITICAL]  - 27515
